Welcome to the CBC MILP Solver 
Version: 2.10.3 
Build Date: Dec 15 2019 

command line - H:\Documents\TP\S6\PL\tp1\pulp_venv\Lib\site-packages\pulp\solverdir\cbc\win\64\cbc.exe C:\Users\zmihan\AppData\Local\Temp\161432d3500a4e519ed0f6832214f65e-pulp.mps -timeMode elapsed -branch -printingOptions all -solution C:\Users\zmihan\AppData\Local\Temp\161432d3500a4e519ed0f6832214f65e-pulp.sol (default strategy 1)
At line 2 NAME          MODEL
At line 3 ROWS
At line 9 COLUMNS
At line 22 RHS
At line 27 BOUNDS
At line 28 ENDATA
Problem MODEL has 4 rows, 4 columns and 8 elements
Coin0008I MODEL read with 0 errors
Option for timeMode changed from cpu to elapsed
Presolve 2 (-2) rows, 2 (-2) columns and 4 (-4) elements
0  Obj 270.1 Primal inf 20.2 (1) Dual inf 3.999999 (1)
1  Obj 190
Optimal - objective value 190
After Postsolve, objective 190, infeasibilities - dual 0 (0), primal 0 (0)
Optimal objective 190 - 1 iterations time 0.012, Presolve 0.01
Option for printingOptions changed from normal to all
Total time (CPU seconds):       0.04   (Wallclock seconds):       0.04

